\BOOKMARK [1][-]{section.1}{Introduction}{}% 1
\BOOKMARK [2][-]{subsection.1.1}{Related Work}{section.1}% 2
\BOOKMARK [1][-]{section.2}{Preliminaries}{}% 3
\BOOKMARK [2][-]{subsection.2.1}{Imprecise Continuous-Time Markov Chains}{section.2}% 4
\BOOKMARK [2][-]{subsection.2.2}{Computing Lower Expectations for ICTMC's}{section.2}% 5
\BOOKMARK [1][-]{section.3}{Imprecise Continuous-Time Hidden Markov Chains}{}% 6
\BOOKMARK [2][-]{subsection.3.1}{Output Variables}{section.3}% 7
\BOOKMARK [2][-]{subsection.3.2}{Augmented Stochastic Processes}{section.3}% 8
\BOOKMARK [2][-]{subsection.3.3}{Imprecise Continuous-Time Hidden Markov Chains}{section.3}% 9
\BOOKMARK [1][-]{section.4}{Computing Lower Expectations for ICTHMC's}{}% 10
\BOOKMARK [2][-]{subsection.4.1}{An Algorithm for Factorising Functions}{section.4}% 11
\BOOKMARK [2][-]{subsection.4.2}{Lower \(Unconditional\) Probabilities of Observations}{section.4}% 12
\BOOKMARK [2][-]{subsection.4.3}{Lower \(Unconditional\) Density Functions}{section.4}% 13
\BOOKMARK [1][-]{section.5}{Updating the Model}{}% 14
\BOOKMARK [2][-]{subsection.5.1}{Observations with Positive \(Upper\) Probability}{section.5}% 15
\BOOKMARK [2][-]{subsection.5.2}{Uncountable Outcome Spaces, Point Observations, and Probability Zero}{section.5}% 16
\BOOKMARK [1][-]{section.6}{Computing Updated Lower Expectations}{}% 17
\BOOKMARK [2][-]{subsection.6.1}{Solving the Generalised Bayes' Rule}{section.6}% 18
\BOOKMARK [1][-]{section.7}{Conclusions and Future Work}{}% 19
\BOOKMARK [1][-]{appendix.A}{Globally Required Proofs and Lemmas}{}% 20
\BOOKMARK [1][-]{appendix.B}{Proofs of the Results in Section 4}{}% 21
\BOOKMARK [1][-]{appendix.C}{Proofs of the Results in Section 5.1}{}% 22
\BOOKMARK [1][-]{appendix.D}{Proofs of the Results in Section 5.2}{}% 23
