This is pdfTeX, Version 3.1415926-2.5-1.40.14 (MiKTeX 2.9) (preloaded format=pdftex 2016.2.6)  13 OCT 2016 13:07
entering extended mode
**C:/Users/Thomas/Documents/GitHub/CTMC/Thomas'*stuff/general.bib
("C:/Users/Thomas/Documents/GitHub/CTMC/Thomas' stuff/general.bib"
Overfull \hbox (10.5238pt too wide) in paragraph at lines 24--32
[]\tenrm @bookliggett2010continuous, ti-tle=Continuous Time Markov Pro-cesses: 
An In-tro-duc-tion, au-thor=Liggett,|

\hbox(6.94444+1.94444)x469.75499, glue set - 1.0
.\hbox(0.0+0.0)x20.0
.\tenrm @
.\tenrm b
.\kern0.27779
.\tenrm o
.etc.


Overfull \hbox (8.7351pt too wide) in paragraph at lines 24--32
\tenrm Thomas M., isbn=9780821884195, url=https://books.google.be/books?id=ClW[
]cKYSON0C, year=2010, pub-|

\hbox(7.5+2.5)x469.75499, glue set - 1.0
.\tenrm T
.\tenrm h
.\tenrm o
.\tenrm m
.\tenrm a
.etc.


Overfull \hbox (38.88512pt too wide) in paragraph at lines 59--68
[]\tenrm @bookhartfiel1998markov, ti-tle=Markov set-chains, au-thor=Hartfiel, D
.J., isbn=9783540647751, lccn=98029369,|

\hbox(6.94444+1.94444)x469.75499, glue set - 1.0
.\hbox(0.0+0.0)x20.0
.\tenrm @
.\tenrm b
.\kern0.27779
.\tenrm o
.etc.

Missing character: There is no Ã in font cmr10!
Missing character: There is no ¡ in font cmr10!
Missing character: There is no Ã in font cmr10!
Missing character: There is no © in font cmr10!

Overfull \hbox (42.77057pt too wide) in paragraph at lines 106--114
\tenrm ing;linear sys-tems;simulation;statistical dis-tri-bu-tions;ICTMC al-go-
rithm;ICTMC model;ICTMC sim-u-la-tion;exponential|

\hbox(6.94444+1.94444)x469.75499, glue set - 1.0
.\tenrm i
.\tenrm n
.\tenrm g
.\tenrm ;
.\tenrm l
.etc.


Overfull \hbox (23.27382pt too wide) in paragraph at lines 106--114
\tenrm tran-si-tion rate;imprecise prob-a-bil-ity;interval arith-metic;interval
 continuous-time Markov chains sim-u-la-tion;interval|

\hbox(6.94444+1.94444)x469.75499, glue set - 1.0
.\tenrm t
.\tenrm r
.\tenrm a
.\tenrm n
.\discretionary
..\tenrm -
.etc.


Overfull \hbox (20.66273pt too wide) in paragraph at lines 106--114
\tenrm lin-ear sys-tem;interval steady state prob-a-bil-ity;robust de-ci-sion m
ak-ing;statistical dis-tri-bu-tion pa-ram-e-ter;Analytical|

\hbox(6.94444+1.94444)x469.75499, glue set - 1.0
.\tenrm l
.\tenrm i
.\tenrm n
.\discretionary
..\tenrm -
.\tenrm e
.etc.


Overfull \hbox (18.38495pt too wide) in paragraph at lines 106--114
\tenrm mod-els;Educational in-sti-tu-tions;MATLAB;Markov pro-cesses;Mathematica
l model;Numerical mod-els;Uncertainty|

\hbox(6.94444+1.94444)x469.75499, glue set - 1.0
.\tenrm m
.\tenrm o
.\kern0.27779
.\tenrm d
.\discretionary
..\tenrm -
.etc.


Underfull \hbox (badness 10000) in paragraph at lines 106--114


\hbox(0.0+0.0)x469.75499
.\glue(\rightskip) 0.0

[1{C:/Users/Thomas/AppData/Local/MiKTeX/2.9/pdftex/config/pdftex.map}]
! Undefined control sequence.
l.158 ...pectations with Kuznetsov{\textquoteright
                                                  }s independence condition}},
? 
! Emergency stop.
l.158 ...pectations with Kuznetsov{\textquoteright
                                                  }s independence condition}},
End of file on the terminal!

!  ==> Fatal error occurred, no output PDF file produced!
