\BOOKMARK [1][-]{section.1}{Introduction}{}% 1
\BOOKMARK [1][-]{section.2}{Preliminaries}{}% 2
\BOOKMARK [2][-]{subsection.2.1}{Operators and Norms}{section.2}% 3
\BOOKMARK [2][-]{subsection.2.2}{wat notatie voor meerdere variabelen}{section.2}% 4
\BOOKMARK [2][-]{subsection.2.3}{Toward Stochastic Processes}{section.2}% 5
\BOOKMARK [2][-]{subsection.2.4}{Transition \(Rate\) Matrices}{section.2}% 6
\BOOKMARK [1][-]{section.3}{Continuous-Time Stochastic Processes}{}% 7
\BOOKMARK [2][-]{subsection.3.1}{Well-behaved stochastic processes}{section.3}% 8
\BOOKMARK [2][-]{subsection.3.2}{Process Dynamics}{section.3}% 9
\BOOKMARK [1][-]{section.4}{Continuous-Time Markov Chains}{}% 10
\BOOKMARK [2][-]{subsection.4.1}{Transition Matrix Systems}{section.4}% 11
\BOOKMARK [2][-]{subsection.4.2}{Homogeneous Markov chains}{section.4}% 12
\BOOKMARK [2][-]{subsection.4.3}{Non-homogeneous Markov chains}{section.4}% 13
\BOOKMARK [1][-]{section.5}{Imprecise Continuous-Time Markov chains}{}% 14
\BOOKMARK [2][-]{subsection.5.1}{Types of Imprecise Continuous-Time Markov Chains}{section.5}% 15
\BOOKMARK [3][-]{subsubsection.5.1.1}{Imprecise Homogeneous Markov Chains}{subsection.5.1}% 16
\BOOKMARK [3][-]{subsubsection.5.1.2}{Imprecise Markov Chains}{subsection.5.1}% 17
\BOOKMARK [3][-]{subsubsection.5.1.3}{Imprecise Non-Markov Chains}{subsection.5.1}% 18
\BOOKMARK [2][-]{subsection.5.2}{Properties of Imprecise Continuous-Time Markov Chains}{section.5}% 19
\BOOKMARK [2][-]{subsection.5.3}{Room for Jasper}{section.5}% 20
\BOOKMARK [1][-]{section.6}{An Important Lower Transition Operator}{}% 21
\BOOKMARK [2][-]{subsection.6.1}{Lower Transition \(Rate\) Operators}{section.6}% 22
\BOOKMARK [2][-]{subsection.6.2}{The Operator of Interest}{section.6}% 23
\BOOKMARK [2][-]{subsection.6.3}{Properties of the Operator of Interest}{section.6}% 24
\BOOKMARK [1][-]{section.7}{Connections Between Lts and Imprecise Continuous-Time Markov Chains}{}% 25
\BOOKMARK [2][-]{subsection.7.1}{Connections Between Q and Sets of Rate Matrices Q}{section.7}% 26
\BOOKMARK [2][-]{subsection.7.2}{Connections Between Lts and Lower Expectations E}{section.7}% 27
\BOOKMARK [1][-]{section.8}{Relation to Previous Work}{}% 28
\BOOKMARK [1][-]{section.9}{Functions Defined on Multiple Time Points}{}% 29
\BOOKMARK [2][-]{subsection.9.1}{Multi-Variable Functions on a Single Point in the Future}{section.9}% 30
\BOOKMARK [2][-]{subsection.9.2}{Multi-Variable Functions on Multiple Points in the Future}{section.9}% 31
\BOOKMARK [2][-]{subsection.9.3}{Algoritmes}{section.9}% 32
\BOOKMARK [1][-]{section.10}{Conclusions \046 Future Work}{}% 33
\BOOKMARK [1][-]{appendix.A}{Proofs and Lemmas for Section 2}{}% 34
\BOOKMARK [1][-]{appendix.B}{Proofs and Lemmas for Section 3}{}% 35
\BOOKMARK [1][-]{appendix.C}{Proofs and Lemmas for Section 4}{}% 36
\BOOKMARK [1][-]{appendix.D}{Proofs and Lemmas for Section 5}{}% 37
\BOOKMARK [1][-]{appendix.E}{Proofs and Lemmas for Section 6}{}% 38
\BOOKMARK [1][-]{appendix.F}{Proofs and Lemmas for Section 7}{}% 39
\BOOKMARK [1][-]{appendix.G}{Proofs and Lemmas for Section 9}{}% 40
