\BOOKMARK [1][-]{section.1}{Introduction}{}% 1
\BOOKMARK [2][-]{subsection.1.1}{Related Work}{section.1}% 2
\BOOKMARK [1][-]{section.2}{Preliminaries}{}% 3
\BOOKMARK [2][-]{subsection.2.1}{Imprecise Continuous-Time Markov Chains}{section.2}% 4
\BOOKMARK [2][-]{subsection.2.2}{Computing Lower Expectations for ICTMC's}{section.2}% 5
\BOOKMARK [1][-]{section.3}{Imprecise Continuous-Time Hidden Markov Chains}{}% 6
\BOOKMARK [2][-]{subsection.3.1}{Output Variables}{section.3}% 7
\BOOKMARK [2][-]{subsection.3.2}{Augmented Stochastic Processes}{section.3}% 8
\BOOKMARK [2][-]{subsection.3.3}{Imprecise Continuous-Time Hidden Markov Chains}{section.3}% 9
\BOOKMARK [1][-]{section.4}{Updating the Model}{}% 10
\BOOKMARK [2][-]{subsection.4.1}{Observations with Positive \(Upper\) Probability}{section.4}% 11
\BOOKMARK [2][-]{subsection.4.2}{Uncountable Outcome Spaces, Point Observations, and Probability Zero}{section.4}% 12
\BOOKMARK [1][-]{section.5}{Inference Algorithms}{}% 13
\BOOKMARK [2][-]{subsection.5.1}{Solving the Generalised Bayes' Rule}{section.5}% 14
\BOOKMARK [2][-]{subsection.5.2}{Functions on a Single Time Point}{section.5}% 15
\BOOKMARK [1][-]{section.6}{Conclusions and Future Work}{}% 16
\BOOKMARK [1][-]{appendix.A}{Extended Preliminaries}{}% 17
\BOOKMARK [2][-]{subsection.A.1}{Additional Notation}{appendix.A}% 18
\BOOKMARK [2][-]{subsection.A.2}{A Useful Property of ICTMC's}{appendix.A}% 19
\BOOKMARK [1][-]{appendix.B}{Globally Required Proofs and Lemmas}{}% 20
\BOOKMARK [1][-]{appendix.C}{Proofs of the Results in Section 4.1}{}% 21
\BOOKMARK [1][-]{appendix.D}{Proofs of the Results in Section 4.2}{}% 22
\BOOKMARK [1][-]{appendix.E}{Proofs of the Results in Section 5}{}% 23
